<?xml version="1.0" encoding="UTF-8"?>
<!-- Generated by org.testng.reporters.JUnitXMLReporter -->
<testsuite ignored="1" hostname="Shahnozas-MacBook-Air.local" failures="0" tests="6" name="Regression Test" time="70.984" errors="0" timestamp="2022-03-23T10:56:00 PDT">
  <testcase classname="com.hrm.testcases.LoginTest" name="testLoginEmptyUsername" time="0.109"/>
  <testcase classname="com.hrm.testcases.LoginTest" name="testLoginInvalidPassword" time="1.575"/>
  <testcase classname="com.hrm.testcases.AddEmployeeTest" name="testAddNewEmployee" time="4.886"/>
  <testcase classname="com.hrm.testcases.AddEmployeeFromExcelTest" name="userDataFromExcel" time="8.315"/>
  <testcase classname="com.hrm.testcases.AddEmployeeFromExcelTest" name="userDataFromExcel" time="7.577"/>
  <testcase classname="com.hrm.testcases.AddEmployeeFromExcelTest" name="userDataFromExcel" time="8.237"/>
  <testcase classname="com.hrm.testcases.LoginTest" name="testLoginAdminUser" time="0.0">
    <ignored/>
  </testcase> <!-- testLoginAdminUser -->
</testsuite> <!-- Regression Test -->
