<?xml version="1.0" encoding="UTF-8"?>
<!-- Generated by org.testng.reporters.JUnitXMLReporter -->
<testsuite ignored="0" hostname="Shahnozas-MacBook-Air.local" failures="0" tests="4" name="Command line test" time="25.141" errors="0" timestamp="2022-03-20T16:29:05 PDT">
  <testcase classname="com.hrm.testcases.LoginTest" name="testLoginAdminUser" time="1.679"/>
  <testcase classname="com.hrm.testcases.LoginTest" name="testLoginEmptyUsername" time="0.102"/>
  <testcase classname="com.hrm.testcases.LoginTest" name="testLoginInvalidPassword" time="0.793"/>
  <testcase classname="com.hrm.testcases.AddEmployeeTest" name="testAddNewEmployee" time="5.952"/>
</testsuite> <!-- Command line test -->
