<?xml version="1.0" encoding="UTF-8"?>
<!-- Generated by org.testng.reporters.JUnitXMLReporter -->
<testsuite ignored="2" hostname="Shahnozas-MacBook-Air.local" failures="0" tests="6" name="Regression Test" time="59.28" errors="0" timestamp="2022-07-27T11:15:02 PDT">
  <testcase classname="com.hrm.testcases.LoginTest" name="testLoginEmptyUsername" time="0.113"/>
  <testcase classname="com.hrm.testcases.LoginTest" name="testLoginInvalidPassword" time="1.329"/>
  <testcase classname="com.hrm.testcases.AddEmployeeTest" name="testAddNewEmployeeFromPropertiesFile" time="4.796"/>
  <testcase classname="com.hrm.testcases.AddEmployeeFromExcelTest" name="userDataFromExcel" time="9.059"/>
  <testcase classname="com.hrm.testcases.AddEmployeeFromExcelTest" name="userDataFromExcel" time="8.151"/>
  <testcase classname="com.hrm.testcases.AddEmployeeFromExcelTest" name="userDataFromExcel" time="8.18"/>
  <testcase classname="com.hrm.testcases.NegativeLoginAndErrMsgValidation" name="testNegativeLogins" time="0.0">
    <ignored/>
  </testcase> <!-- testNegativeLogins -->
  <testcase classname="com.hrm.testcases.LoginTest" name="testLoginAdminUser" time="0.0">
    <ignored/>
  </testcase> <!-- testLoginAdminUser -->
</testsuite> <!-- Regression Test -->
