<?xml version="1.0" encoding="UTF-8"?>
<!-- Generated by org.testng.reporters.JUnitXMLReporter -->
<testsuite ignored="3" hostname="Said" failures="0" tests="3" name="Smoke Tests" time="17.395" errors="0" timestamp="2025-03-20T17:32:36 PDT">
  <testcase classname="com.hrm.testcases.LoginTest" name="testLoginAdminUser" time="1.482"/>
  <testcase classname="com.hrm.testcases.LoginTest" name="testLoginEmptyUsername" time="0.436"/>
  <testcase classname="com.hrm.testcases.LoginTest" name="testLoginInvalidPassword" time="1.406"/>
  <testcase classname="com.hrm.testcases.AddEmployeeFromExcelTest" name="userDataFromExcel" time="0.0">
    <ignored/>
  </testcase> <!-- userDataFromExcel -->
  <testcase classname="com.hrm.testcases.AddEmployeeTest" name="testAddNewEmployeeFromPropertiesFile" time="0.0">
    <ignored/>
  </testcase> <!-- testAddNewEmployeeFromPropertiesFile -->
  <testcase classname="com.hrm.testcases.NegativeLoginAndErrMsgValidation" name="testNegativeLogins" time="0.0">
    <ignored/>
  </testcase> <!-- testNegativeLogins -->
</testsuite> <!-- Smoke Tests -->
