<?xml version="1.0" encoding="UTF-8"?>
<testsuite xmlns:xsi="http://www.w3.org/2001/XMLSchema-instance" xsi:noNamespaceSchemaLocation="https://maven.apache.org/surefire/maven-surefire-plugin/xsd/surefire-test-report-3.0.xsd" version="3.0" name="TestSuite" time="174.797" tests="9" errors="0" skipped="0" failures="4">
  <properties>
[...]
</properties>
  <testcase name="testLoginAdminUser" classname="com.hrm.testcases.LoginTest" time="2.024">
    <system-out><![CDATA[Functionality Testing Started 
Test Started: testLoginAdminUser
Admin login is successful
Test Success: testLoginAdminUser
]]></system-out>
    <system-err><![CDATA[SLF4J: Failed to load class "org.slf4j.impl.StaticLoggerBinder".
SLF4J: Defaulting to no-operation (NOP) logger implementation
SLF4J: See http://www.slf4j.org/codes.html#StaticLoggerBinder for further details.
]]></system-err>
  </testcase>
  <testcase name="testLoginEmptyUsername" classname="com.hrm.testcases.LoginTest" time="0.741">
    <system-out><![CDATA[Test Started: testLoginEmptyUsername
Test Success: testLoginEmptyUsername
]]></system-out>
  </testcase>
  <testcase name="testLoginEmptyUsername" classname="com.hrm.testcases.LoginTest" time="0.728">
    <system-out><![CDATA[Test Started: testLoginEmptyUsername
Test Success: testLoginEmptyUsername
]]></system-out>
  </testcase>
  <testcase name="testLoginInvalidPassword" classname="com.hrm.testcases.LoginTest" time="1.736">
    <system-out><![CDATA[Test Started: testLoginInvalidPassword
Test Success: testLoginInvalidPassword
]]></system-out>
  </testcase>
  <testcase name="testLoginInvalidPassword" classname="com.hrm.testcases.LoginTest" time="1.763">
    <system-out><![CDATA[Test Started: testLoginInvalidPassword
Test Success: testLoginInvalidPassword
]]></system-out>
  </testcase>
  <testcase name="userDataFromExcel[John, Smith, johnsmith, AmirKhan_@123](1)" classname="com.hrm.testcases.AddEmployeeFromExcelTest" time="32.498">
    <failure message="Expected condition failed: waiting for element to be clickable: Proxy element for: DefaultElementLocator &apos;By.id: menu_pim_viewPimModule&apos; (tried for 15 second(s) with 500 milliseconds interval)" type="org.openqa.selenium.TimeoutException"><![CDATA[org.openqa.selenium.TimeoutException: Expected condition failed: waiting for element to be clickable: Proxy element for: DefaultElementLocator 'By.id: menu_pim_viewPimModule' (tried for 15 second(s) with 500 milliseconds interval)
	at com.hrm.testcases.AddEmployeeFromExcelTest.userDataFromExcel(AddEmployeeFromExcelTest.java:37)
Caused by: org.openqa.selenium.NoSuchElementException: 
no such element: Unable to locate element: {"method":"css selector","selector":"#menu_pim_viewPimModule"}
  (Session info: chrome=134.0.6998.89)
For documentation on this error, please visit: https://www.selenium.dev/documentation/webdriver/troubleshooting/errors#no-such-element-exception
Build info: version: '4.29.0', revision: '5fc1ec94cb'
System info: os.name: 'Windows 11', os.arch: 'amd64', os.version: '10.0', java.version: '21.0.5'
Driver info: org.openqa.selenium.chrome.ChromeDriver
Command: [a36a68ea63d2d94569df38fa729effec, findElement {value=menu_pim_viewPimModule, using=id}]
Capabilities {acceptInsecureCerts: false, browserName: chrome, browserVersion: 134.0.6998.89, chrome: {chromedriverVersion: 134.0.6998.90 (219ee74681fc..., userDataDir: C:\Users\sgafo\AppData\Loca...}, fedcm:accounts: true, goog:chromeOptions: {debuggerAddress: localhost:51302}, networkConnectionEnabled: false, pageLoadStrategy: normal, platformName: windows, proxy: Proxy(), se:cdp: ws://localhost:51302/devtoo..., se:cdpVersion: 134.0.6998.89, setWindowRect: true, strictFileInteractability: false, timeouts: {implicit: 0, pageLoad: 300000, script: 30000}, unhandledPromptBehavior: dismiss and notify, webauthn:extension:credBlob: true, webauthn:extension:largeBlob: true, webauthn:extension:minPinLength: true, webauthn:extension:prf: true, webauthn:virtualAuthenticators: true}
Session ID: a36a68ea63d2d94569df38fa729effec
	at com.hrm.testcases.AddEmployeeFromExcelTest.userDataFromExcel(AddEmployeeFromExcelTest.java:37)
]]></failure>
    <system-out><![CDATA[Functionality Testing Finished: Smoke Tests
PASSED: testLoginEmptyUsername
PASSED: testLoginAdminUser
PASSED: testLoginInvalidPassword

===============================================
    Smoke Tests
    Tests run: 3, Failures: 0, Skips: 0
===============================================

Functionality Testing Started 
Test Started: userDataFromExcel
Test Failed: userDataFromExcel
]]></system-out>
    <system-err><![CDATA[ERROR StatusLogger Log4j2 could not find a logging implementation. Please add log4j-core to the classpath. Using SimpleLogger to log to the console...
]]></system-err>
  </testcase>
  <testcase name="userDataFromExcel[Mary, Ann, maryann, AmirKhan_@123](2)" classname="com.hrm.testcases.AddEmployeeFromExcelTest" time="32.342">
    <failure message="Expected condition failed: waiting for element to be clickable: Proxy element for: DefaultElementLocator &apos;By.id: menu_pim_viewPimModule&apos; (tried for 15 second(s) with 500 milliseconds interval)" type="org.openqa.selenium.TimeoutException"><![CDATA[org.openqa.selenium.TimeoutException: Expected condition failed: waiting for element to be clickable: Proxy element for: DefaultElementLocator 'By.id: menu_pim_viewPimModule' (tried for 15 second(s) with 500 milliseconds interval)
	at com.hrm.testcases.AddEmployeeFromExcelTest.userDataFromExcel(AddEmployeeFromExcelTest.java:37)
Caused by: org.openqa.selenium.NoSuchElementException: 
no such element: Unable to locate element: {"method":"css selector","selector":"#menu_pim_viewPimModule"}
  (Session info: chrome=134.0.6998.89)
For documentation on this error, please visit: https://www.selenium.dev/documentation/webdriver/troubleshooting/errors#no-such-element-exception
Build info: version: '4.29.0', revision: '5fc1ec94cb'
System info: os.name: 'Windows 11', os.arch: 'amd64', os.version: '10.0', java.version: '21.0.5'
Driver info: org.openqa.selenium.chrome.ChromeDriver
Command: [67d45152a43147e6b3d463b216d0f636, findElement {value=menu_pim_viewPimModule, using=id}]
Capabilities {acceptInsecureCerts: false, browserName: chrome, browserVersion: 134.0.6998.89, chrome: {chromedriverVersion: 134.0.6998.90 (219ee74681fc..., userDataDir: C:\Users\sgafo\AppData\Loca...}, fedcm:accounts: true, goog:chromeOptions: {debuggerAddress: localhost:51353}, networkConnectionEnabled: false, pageLoadStrategy: normal, platformName: windows, proxy: Proxy(), se:cdp: ws://localhost:51353/devtoo..., se:cdpVersion: 134.0.6998.89, setWindowRect: true, strictFileInteractability: false, timeouts: {implicit: 0, pageLoad: 300000, script: 30000}, unhandledPromptBehavior: dismiss and notify, webauthn:extension:credBlob: true, webauthn:extension:largeBlob: true, webauthn:extension:minPinLength: true, webauthn:extension:prf: true, webauthn:virtualAuthenticators: true}
Session ID: 67d45152a43147e6b3d463b216d0f636
	at com.hrm.testcases.AddEmployeeFromExcelTest.userDataFromExcel(AddEmployeeFromExcelTest.java:37)
]]></failure>
    <system-out><![CDATA[Test Started: userDataFromExcel
Test Failed: userDataFromExcel
]]></system-out>
  </testcase>
  <testcase name="userDataFromExcel[Luke, Skywalker, lukesky, AmirKhan_@123](3)" classname="com.hrm.testcases.AddEmployeeFromExcelTest" time="31.671">
    <failure message="Expected condition failed: waiting for element to be clickable: Proxy element for: DefaultElementLocator &apos;By.id: menu_pim_viewPimModule&apos; (tried for 15 second(s) with 500 milliseconds interval)" type="org.openqa.selenium.TimeoutException"><![CDATA[org.openqa.selenium.TimeoutException: Expected condition failed: waiting for element to be clickable: Proxy element for: DefaultElementLocator 'By.id: menu_pim_viewPimModule' (tried for 15 second(s) with 500 milliseconds interval)
	at com.hrm.testcases.AddEmployeeFromExcelTest.userDataFromExcel(AddEmployeeFromExcelTest.java:37)
Caused by: org.openqa.selenium.NoSuchElementException: 
no such element: Unable to locate element: {"method":"css selector","selector":"#menu_pim_viewPimModule"}
  (Session info: chrome=134.0.6998.89)
For documentation on this error, please visit: https://www.selenium.dev/documentation/webdriver/troubleshooting/errors#no-such-element-exception
Build info: version: '4.29.0', revision: '5fc1ec94cb'
System info: os.name: 'Windows 11', os.arch: 'amd64', os.version: '10.0', java.version: '21.0.5'
Driver info: org.openqa.selenium.chrome.ChromeDriver
Command: [5cd83f7868ad0c450a6e524e27f78894, findElement {value=menu_pim_viewPimModule, using=id}]
Capabilities {acceptInsecureCerts: false, browserName: chrome, browserVersion: 134.0.6998.89, chrome: {chromedriverVersion: 134.0.6998.90 (219ee74681fc..., userDataDir: C:\Users\sgafo\AppData\Loca...}, fedcm:accounts: true, goog:chromeOptions: {debuggerAddress: localhost:51410}, networkConnectionEnabled: false, pageLoadStrategy: normal, platformName: windows, proxy: Proxy(), se:cdp: ws://localhost:51410/devtoo..., se:cdpVersion: 134.0.6998.89, setWindowRect: true, strictFileInteractability: false, timeouts: {implicit: 0, pageLoad: 300000, script: 30000}, unhandledPromptBehavior: dismiss and notify, webauthn:extension:credBlob: true, webauthn:extension:largeBlob: true, webauthn:extension:minPinLength: true, webauthn:extension:prf: true, webauthn:virtualAuthenticators: true}
Session ID: 5cd83f7868ad0c450a6e524e27f78894
	at com.hrm.testcases.AddEmployeeFromExcelTest.userDataFromExcel(AddEmployeeFromExcelTest.java:37)
]]></failure>
    <system-out><![CDATA[Test Started: userDataFromExcel
Test Failed: userDataFromExcel
]]></system-out>
  </testcase>
  <testcase name="testAddNewEmployeeFromPropertiesFile" classname="com.hrm.testcases.AddEmployeeTest" time="32.521">
    <failure message="Expected condition failed: waiting for element to be clickable: Proxy element for: DefaultElementLocator &apos;By.id: menu_pim_viewPimModule&apos; (tried for 15 second(s) with 500 milliseconds interval)" type="org.openqa.selenium.TimeoutException"><![CDATA[org.openqa.selenium.TimeoutException: Expected condition failed: waiting for element to be clickable: Proxy element for: DefaultElementLocator 'By.id: menu_pim_viewPimModule' (tried for 15 second(s) with 500 milliseconds interval)
	at com.hrm.testcases.AddEmployeeTest.testAddNewEmployeeFromPropertiesFile(AddEmployeeTest.java:18)
Caused by: org.openqa.selenium.NoSuchElementException: 
no such element: Unable to locate element: {"method":"css selector","selector":"#menu_pim_viewPimModule"}
  (Session info: chrome=134.0.6998.89)
For documentation on this error, please visit: https://www.selenium.dev/documentation/webdriver/troubleshooting/errors#no-such-element-exception
Build info: version: '4.29.0', revision: '5fc1ec94cb'
System info: os.name: 'Windows 11', os.arch: 'amd64', os.version: '10.0', java.version: '21.0.5'
Driver info: org.openqa.selenium.chrome.ChromeDriver
Command: [002b8a3a3113a1476de362dcfa943754, findElement {value=menu_pim_viewPimModule, using=id}]
Capabilities {acceptInsecureCerts: false, browserName: chrome, browserVersion: 134.0.6998.89, chrome: {chromedriverVersion: 134.0.6998.90 (219ee74681fc..., userDataDir: C:\Users\sgafo\AppData\Loca...}, fedcm:accounts: true, goog:chromeOptions: {debuggerAddress: localhost:51458}, networkConnectionEnabled: false, pageLoadStrategy: normal, platformName: windows, proxy: Proxy(), se:cdp: ws://localhost:51458/devtoo..., se:cdpVersion: 134.0.6998.89, setWindowRect: true, strictFileInteractability: false, timeouts: {implicit: 0, pageLoad: 300000, script: 30000}, unhandledPromptBehavior: dismiss and notify, webauthn:extension:credBlob: true, webauthn:extension:largeBlob: true, webauthn:extension:minPinLength: true, webauthn:extension:prf: true, webauthn:virtualAuthenticators: true}
Session ID: 002b8a3a3113a1476de362dcfa943754
	at com.hrm.testcases.AddEmployeeTest.testAddNewEmployeeFromPropertiesFile(AddEmployeeTest.java:18)
]]></failure>
    <system-out><![CDATA[Test Started: testAddNewEmployeeFromPropertiesFile
Test Failed: testAddNewEmployeeFromPropertiesFile
]]></system-out>
  </testcase>
</testsuite>