<?xml version="1.0" encoding="UTF-8" ?>
<testsuite tests="4" failures="0" name="TestSuite" time="8.526" errors="0" skipped="0">
  <properties>
[...]
</properties>
  <testcase classname="com.hrm.testcases.LoginTest" name="testLoginAdminUser" time="1.679"/>
  <testcase classname="com.hrm.testcases.LoginTest" name="testLoginEmptyUsername" time="0.102"/>
  <testcase classname="com.hrm.testcases.LoginTest" name="testLoginInvalidPassword" time="0.794"/>
  <testcase classname="com.hrm.testcases.AddEmployeeTest" name="testAddNewEmployee" time="5.951"/>
</testsuite>