<?xml version="1.0" encoding="UTF-8"?>
<testng-results ignored="2" total="8" passed="6" failed="0" skipped="0">
  <reporter-output>
  </reporter-output>
  <suite started-at="2022-07-27T11:14:02 PDT" name="Regression Suite" finished-at="2022-07-27T11:15:01 PDT" duration-ms="59280">
    <groups>
      <group name="addEmp">
        <method signature="AddEmployeeFromExcelTest.userDataFromExcel(java.lang.String,java.lang.String,java.lang.String,java.lang.String)[pri:0, instance:com.hrm.testcases.AddEmployeeFromExcelTest@3bd40a57]" name="userDataFromExcel" class="com.hrm.testcases.AddEmployeeFromExcelTest"/>
      </group> <!-- addEmp -->
      <group name="dataFromExcel">
        <method signature="AddEmployeeFromExcelTest.userDataFromExcel(java.lang.String,java.lang.String,java.lang.String,java.lang.String)[pri:0, instance:com.hrm.testcases.AddEmployeeFromExcelTest@3bd40a57]" name="userDataFromExcel" class="com.hrm.testcases.AddEmployeeFromExcelTest"/>
      </group> <!-- dataFromExcel -->
      <group name="regression">
        <method signature="AddEmployeeFromExcelTest.userDataFromExcel(java.lang.String,java.lang.String,java.lang.String,java.lang.String)[pri:0, instance:com.hrm.testcases.AddEmployeeFromExcelTest@3bd40a57]" name="userDataFromExcel" class="com.hrm.testcases.AddEmployeeFromExcelTest"/>
        <method signature="AddEmployeeTest.testAddNewEmployeeFromPropertiesFile()[pri:0, instance:com.hrm.testcases.AddEmployeeTest@19d37183]" name="testAddNewEmployeeFromPropertiesFile" class="com.hrm.testcases.AddEmployeeTest"/>
        <method signature="LoginTest.testLoginEmptyUsername()[pri:0, instance:com.hrm.testcases.LoginTest@6b419da]" name="testLoginEmptyUsername" class="com.hrm.testcases.LoginTest"/>
        <method signature="LoginTest.testLoginInvalidPassword()[pri:0, instance:com.hrm.testcases.LoginTest@6b419da]" name="testLoginInvalidPassword" class="com.hrm.testcases.LoginTest"/>
      </group> <!-- regression -->
      <group name="smoke">
        <method signature="LoginTest.testLoginEmptyUsername()[pri:0, instance:com.hrm.testcases.LoginTest@6b419da]" name="testLoginEmptyUsername" class="com.hrm.testcases.LoginTest"/>
        <method signature="LoginTest.testLoginInvalidPassword()[pri:0, instance:com.hrm.testcases.LoginTest@6b419da]" name="testLoginInvalidPassword" class="com.hrm.testcases.LoginTest"/>
      </group> <!-- smoke -->
    </groups>
    <test started-at="2022-07-27T11:14:02 PDT" name="Regression Test" finished-at="2022-07-27T11:15:01 PDT" duration-ms="59280">
      <class name="com.hrm.testcases.AddEmployeeTest">
        <test-method is-config="true" signature="setUp()[pri:0, instance:com.hrm.testcases.AddEmployeeTest@19d37183]" started-at="2022-07-27T11:14:13 PDT" name="setUp" finished-at="2022-07-27T11:14:16 PDT" duration-ms="2918" status="PASS">
          <reporter-output>
          </reporter-output>
        </test-method> <!-- setUp -->
        <test-method signature="testAddNewEmployeeFromPropertiesFile()[pri:0, instance:com.hrm.testcases.AddEmployeeTest@19d37183]" started-at="2022-07-27T11:14:16 PDT" name="testAddNewEmployeeFromPropertiesFile" finished-at="2022-07-27T11:14:21 PDT" duration-ms="4796" status="PASS">
          <reporter-output>
          </reporter-output>
        </test-method> <!-- testAddNewEmployeeFromPropertiesFile -->
        <test-method is-config="true" signature="tearDown()[pri:0, instance:com.hrm.testcases.AddEmployeeTest@19d37183]" started-at="2022-07-27T11:14:21 PDT" name="tearDown" finished-at="2022-07-27T11:14:23 PDT" duration-ms="1113" status="PASS">
          <reporter-output>
          </reporter-output>
        </test-method> <!-- tearDown -->
      </class> <!-- com.hrm.testcases.AddEmployeeTest -->
      <class name="com.hrm.testcases.AddEmployeeFromExcelTest">
        <test-method is-config="true" signature="setUp()[pri:0, instance:com.hrm.testcases.AddEmployeeFromExcelTest@3bd40a57]" started-at="2022-07-27T11:14:23 PDT" name="setUp" finished-at="2022-07-27T11:14:26 PDT" duration-ms="3055" status="PASS">
          <reporter-output>
          </reporter-output>
        </test-method> <!-- setUp -->
        <test-method signature="userDataFromExcel(java.lang.String,java.lang.String,java.lang.String,java.lang.String)[pri:0, instance:com.hrm.testcases.AddEmployeeFromExcelTest@3bd40a57]" started-at="2022-07-27T11:14:26 PDT" name="userDataFromExcel" data-provider="userDataFromExcel" finished-at="2022-07-27T11:14:35 PDT" duration-ms="9059" status="PASS">
          <params>
            <param index="0">
              <value>
                <![CDATA[John]]>
              </value>
            </param>
            <param index="1">
              <value>
                <![CDATA[Smith]]>
              </value>
            </param>
            <param index="2">
              <value>
                <![CDATA[johnsmith]]>
              </value>
            </param>
            <param index="3">
              <value>
                <![CDATA[AmirKhan_@123]]>
              </value>
            </param>
          </params>
          <reporter-output>
          </reporter-output>
        </test-method> <!-- userDataFromExcel -->
        <test-method is-config="true" signature="tearDown()[pri:0, instance:com.hrm.testcases.AddEmployeeFromExcelTest@3bd40a57]" started-at="2022-07-27T11:14:35 PDT" name="tearDown" finished-at="2022-07-27T11:14:36 PDT" duration-ms="1142" status="PASS">
          <reporter-output>
          </reporter-output>
        </test-method> <!-- tearDown -->
        <test-method is-config="true" signature="setUp()[pri:0, instance:com.hrm.testcases.AddEmployeeFromExcelTest@3bd40a57]" started-at="2022-07-27T11:14:36 PDT" name="setUp" finished-at="2022-07-27T11:14:39 PDT" duration-ms="3050" status="PASS">
          <reporter-output>
          </reporter-output>
        </test-method> <!-- setUp -->
        <test-method signature="userDataFromExcel(java.lang.String,java.lang.String,java.lang.String,java.lang.String)[pri:0, instance:com.hrm.testcases.AddEmployeeFromExcelTest@3bd40a57]" started-at="2022-07-27T11:14:39 PDT" name="userDataFromExcel" data-provider="userDataFromExcel" finished-at="2022-07-27T11:14:48 PDT" duration-ms="8151" status="PASS">
          <params>
            <param index="0">
              <value>
                <![CDATA[Mary]]>
              </value>
            </param>
            <param index="1">
              <value>
                <![CDATA[Ann]]>
              </value>
            </param>
            <param index="2">
              <value>
                <![CDATA[maryann]]>
              </value>
            </param>
            <param index="3">
              <value>
                <![CDATA[AmirKhan_@123]]>
              </value>
            </param>
          </params>
          <reporter-output>
          </reporter-output>
        </test-method> <!-- userDataFromExcel -->
        <test-method is-config="true" signature="tearDown()[pri:0, instance:com.hrm.testcases.AddEmployeeFromExcelTest@3bd40a57]" started-at="2022-07-27T11:14:48 PDT" name="tearDown" finished-at="2022-07-27T11:14:49 PDT" duration-ms="1157" status="PASS">
          <reporter-output>
          </reporter-output>
        </test-method> <!-- tearDown -->
        <test-method is-config="true" signature="setUp()[pri:0, instance:com.hrm.testcases.AddEmployeeFromExcelTest@3bd40a57]" started-at="2022-07-27T11:14:49 PDT" name="setUp" finished-at="2022-07-27T11:14:52 PDT" duration-ms="2799" status="PASS">
          <reporter-output>
          </reporter-output>
        </test-method> <!-- setUp -->
        <test-method signature="userDataFromExcel(java.lang.String,java.lang.String,java.lang.String,java.lang.String)[pri:0, instance:com.hrm.testcases.AddEmployeeFromExcelTest@3bd40a57]" started-at="2022-07-27T11:14:52 PDT" name="userDataFromExcel" data-provider="userDataFromExcel" finished-at="2022-07-27T11:15:00 PDT" duration-ms="8180" status="PASS">
          <params>
            <param index="0">
              <value>
                <![CDATA[Muhammad]]>
              </value>
            </param>
            <param index="1">
              <value>
                <![CDATA[Ali]]>
              </value>
            </param>
            <param index="2">
              <value>
                <![CDATA[muhammadali]]>
              </value>
            </param>
            <param index="3">
              <value>
                <![CDATA[AmirKhan_@123]]>
              </value>
            </param>
          </params>
          <reporter-output>
          </reporter-output>
        </test-method> <!-- userDataFromExcel -->
        <test-method is-config="true" signature="tearDown()[pri:0, instance:com.hrm.testcases.AddEmployeeFromExcelTest@3bd40a57]" started-at="2022-07-27T11:15:00 PDT" name="tearDown" finished-at="2022-07-27T11:15:01 PDT" duration-ms="1141" status="PASS">
          <reporter-output>
          </reporter-output>
        </test-method> <!-- tearDown -->
      </class> <!-- com.hrm.testcases.AddEmployeeFromExcelTest -->
      <class name="com.hrm.testcases.LoginTest">
        <test-method is-config="true" signature="setUp()[pri:0, instance:com.hrm.testcases.LoginTest@6b419da]" started-at="2022-07-27T11:14:02 PDT" name="setUp" finished-at="2022-07-27T11:14:06 PDT" duration-ms="3697" status="PASS">
          <reporter-output>
          </reporter-output>
        </test-method> <!-- setUp -->
        <test-method signature="testLoginEmptyUsername()[pri:0, instance:com.hrm.testcases.LoginTest@6b419da]" started-at="2022-07-27T11:14:06 PDT" name="testLoginEmptyUsername" finished-at="2022-07-27T11:14:06 PDT" duration-ms="113" status="PASS">
          <reporter-output>
          </reporter-output>
        </test-method> <!-- testLoginEmptyUsername -->
        <test-method is-config="true" signature="tearDown()[pri:0, instance:com.hrm.testcases.LoginTest@6b419da]" started-at="2022-07-27T11:14:06 PDT" name="tearDown" finished-at="2022-07-27T11:14:07 PDT" duration-ms="1121" status="PASS">
          <reporter-output>
          </reporter-output>
        </test-method> <!-- tearDown -->
        <test-method is-config="true" signature="setUp()[pri:0, instance:com.hrm.testcases.LoginTest@6b419da]" started-at="2022-07-27T11:14:07 PDT" name="setUp" finished-at="2022-07-27T11:14:11 PDT" duration-ms="3227" status="PASS">
          <reporter-output>
          </reporter-output>
        </test-method> <!-- setUp -->
        <test-method signature="testLoginInvalidPassword()[pri:0, instance:com.hrm.testcases.LoginTest@6b419da]" started-at="2022-07-27T11:14:11 PDT" name="testLoginInvalidPassword" finished-at="2022-07-27T11:14:12 PDT" duration-ms="1329" status="PASS">
          <reporter-output>
          </reporter-output>
        </test-method> <!-- testLoginInvalidPassword -->
        <test-method is-config="true" signature="tearDown()[pri:0, instance:com.hrm.testcases.LoginTest@6b419da]" started-at="2022-07-27T11:14:12 PDT" name="tearDown" finished-at="2022-07-27T11:14:13 PDT" duration-ms="1115" status="PASS">
          <reporter-output>
          </reporter-output>
        </test-method> <!-- tearDown -->
      </class> <!-- com.hrm.testcases.LoginTest -->
    </test> <!-- Regression Test -->
  </suite> <!-- Regression Suite -->
</testng-results>
